# JRE version: Java(TM) SE Runtime Environment (17.0.14+8) (build 17.0.14+8-LTS-191)
# Java VM: Java HotSpot(TM) 64-Bit Server VM (17.0.14+8-LTS-191, mixed mode, sharing, tiered, compressed oops, compressed class ptrs, g1 gc, windows-amd64)
GC Precious Log:
 CPUs: 4 total, 4 available
 Memory: 3498M
 Large Page Support: Disabled
 NUMA Support: Disabled
 Compressed Oops: Enabled (Zero based)
 Heap Region Size: 4M
 Heap Min Capacity: 8M
 Heap Initial Capacity: 56M
 Heap Max Capacity: 8G
 Pre-touch: Disabled
 Parallel Workers: 4
 Concurrent Workers: 1
 Concurrent Refinement Workers: 4
 Periodic GC: Disabled
Heap:
 garbage-first heap   total 540672K, used 184011K [0x0000000600000000, 0x0000000800000000)
  region size 4096K, 1 young (4096K), 1 survivors (4096K)
 Metaspace       used 146940K, committed 148032K, reserved 1179648K
  class space    used 19279K, committed 19776K, reserved 1048576K
GC Heap History (20 events):
Event: 69.245 GC heap after
{Heap after GC invocations=68 (full 0):
 garbage-first heap   total 225280K, used 121646K [0x0000000600000000, 0x0000000800000000)
  region size 4096K, 2 young (8192K), 2 survivors (8192K)
 Metaspace       used 140606K, committed 141632K, reserved 1179648K
  class space    used 18482K, committed 18944K, reserved 1048576K
}
Event: 69.351 GC heap before
{Heap before GC invocations=68 (full 0):
 garbage-first heap   total 225280K, used 125742K [0x0000000600000000, 0x0000000800000000)
  region size 4096K, 3 young (12288K), 2 survivors (8192K)
 Metaspace       used 140624K, committed 141632K, reserved 1179648K
  class space    used 18482K, committed 18944K, reserved 1048576K
}
Event: 69.380 GC heap after
{Heap after GC invocations=69 (full 0):
 garbage-first heap   total 270336K, used 120045K [0x0000000600000000, 0x0000000800000000)
  region size 4096K, 1 young (4096K), 1 survivors (4096K)
 Metaspace       used 140624K, committed 141632K, reserved 1179648K
  class space    used 18482K, committed 18944K, reserved 1048576K
}
Event: 225.404 GC heap before
{Heap before GC invocations=69 (full 0):
 garbage-first heap   total 270336K, used 201965K [0x0000000600000000, 0x0000000800000000)
  region size 4096K, 21 young (86016K), 1 survivors (4096K)
 Metaspace       used 146506K, committed 147520K, reserved 1179648K
  class space    used 19244K, committed 19712K, reserved 1048576K
}
Event: 226.031 GC heap after
{Heap after GC invocations=70 (full 0):
 garbage-first heap   total 270336K, used 126558K [0x0000000600000000, 0x0000000800000000)
  region size 4096K, 2 young (8192K), 2 survivors (8192K)
 Metaspace       used 146506K, committed 147520K, reserved 1179648K
  class space    used 19244K, committed 19712K, reserved 1048576K
}
Event: 226.912 GC heap before
{Heap before GC invocations=70 (full 0):
 garbage-first heap   total 270336K, used 142942K [0x0000000600000000, 0x0000000800000000)
  region size 4096K, 7 young (28672K), 2 survivors (8192K)
 Metaspace       used 146583K, committed 147584K, reserved 1179648K
  class space    used 19246K, committed 19712K, reserved 1048576K
}
Event: 226.998 GC heap after
{Heap after GC invocations=71 (full 0):
 garbage-first heap   total 270336K, used 128754K [0x0000000600000000, 0x0000000800000000)
  region size 4096K, 1 young (4096K), 1 survivors (4096K)
 Metaspace       used 146583K, committed 147584K, reserved 1179648K
  class space    used 19246K, committed 19712K, reserved 1048576K
}
Event: 228.562 GC heap before
{Heap before GC invocations=71 (full 0):
 garbage-first heap   total 270336K, used 173810K [0x0000000600000000, 0x0000000800000000)
  region size 4096K, 13 young (53248K), 1 survivors (4096K)
 Metaspace       used 146760K, committed 147840K, reserved 1179648K
  class space    used 19270K, committed 19776K, reserved 1048576K
}
Event: 228.710 GC heap after
{Heap after GC invocations=72 (full 0):
 garbage-first heap   total 270336K, used 141456K [0x0000000600000000, 0x0000000800000000)
  region size 4096K, 2 young (8192K), 2 survivors (8192K)
 Metaspace       used 146760K, committed 147840K, reserved 1179648K
  class space    used 19270K, committed 19776K, reserved 1048576K
}
Event: 229.387 GC heap before
{Heap before GC invocations=72 (full 0):
 garbage-first heap   total 270336K, used 153744K [0x0000000600000000, 0x0000000800000000)
  region size 4096K, 6 young (24576K), 2 survivors (8192K)
 Metaspace       used 146761K, committed 147840K, reserved 1179648K
  class space    used 19270K, committed 19776K, reserved 1048576K
}
Event: 229.468 GC heap after
{Heap after GC invocations=73 (full 0):
 garbage-first heap   total 270336K, used 149748K [0x0000000600000000, 0x0000000800000000)
  region size 4096K, 1 young (4096K), 1 survivors (4096K)
 Metaspace       used 146761K, committed 147840K, reserved 1179648K
  class space    used 19270K, committed 19776K, reserved 1048576K
}
Event: 229.791 GC heap before
{Heap before GC invocations=73 (full 0):
 garbage-first heap   total 270336K, used 166132K [0x0000000600000000, 0x0000000800000000)
  region size 4096K, 5 young (20480K), 1 survivors (4096K)
 Metaspace       used 146763K, committed 147840K, reserved 1179648K
  class space    used 19270K, committed 19776K, reserved 1048576K
}
Event: 229.907 GC heap after
{Heap after GC invocations=74 (full 0):
 garbage-first heap   total 540672K, used 157609K [0x0000000600000000, 0x0000000800000000)
  region size 4096K, 1 young (4096K), 1 survivors (4096K)
 Metaspace       used 146763K, committed 147840K, reserved 1179648K
  class space    used 19270K, committed 19776K, reserved 1048576K
}
Event: 265.999 GC heap before
{Heap before GC invocations=74 (full 0):
 garbage-first heap   total 540672K, used 239529K [0x0000000600000000, 0x0000000800000000)
  region size 4096K, 21 young (86016K), 1 survivors (4096K)
 Metaspace       used 146911K, committed 147968K, reserved 1179648K
  class space    used 19278K, committed 19776K, reserved 1048576K
}
Event: 268.582 GC heap after
{Heap after GC invocations=75 (full 0):
 garbage-first heap   total 540672K, used 169120K [0x0000000600000000, 0x0000000800000000)
  region size 4096K, 3 young (12288K), 3 survivors (12288K)
 Metaspace       used 146911K, committed 147968K, reserved 1179648K
  class space    used 19278K, committed 19776K, reserved 1048576K
}
Event: 269.561 GC heap before
{Heap before GC invocations=75 (full 0):
 garbage-first heap   total 540672K, used 177312K [0x0000000600000000, 0x0000000800000000)
  region size 4096K, 6 young (24576K), 3 survivors (12288K)
 Metaspace       used 146922K, committed 148032K, reserved 1179648K
  class space    used 19279K, committed 19776K, reserved 1048576K
}
Event: 269.957 GC heap after
{Heap after GC invocations=76 (full 0):
 garbage-first heap   total 540672K, used 173209K [0x0000000600000000, 0x0000000800000000)
  region size 4096K, 1 young (4096K), 1 survivors (4096K)
 Metaspace       used 146922K, committed 148032K, reserved 1179648K
  class space    used 19279K, committed 19776K, reserved 1048576K
}
Event: 270.274 GC heap before
{Heap before GC invocations=76 (full 0):
 garbage-first heap   total 540672K, used 193689K [0x0000000600000000, 0x0000000800000000)
  region size 4096K, 6 young (24576K), 1 survivors (4096K)
 Metaspace       used 146925K, committed 148032K, reserved 1179648K
  class space    used 19279K, committed 19776K, reserved 1048576K
}
Event: 270.359 GC heap after
{Heap after GC invocations=77 (full 0):
 garbage-first heap   total 540672K, used 180705K [0x0000000600000000, 0x0000000800000000)
  region size 4096K, 1 young (4096K), 1 survivors (4096K)
 Metaspace       used 146925K, committed 148032K, reserved 1179648K
  class space    used 19279K, committed 19776K, reserved 1048576K
}
Event: 270.852 GC heap before
{Heap before GC invocations=77 (full 0):
 garbage-first heap   total 540672K, used 201185K [0x0000000600000000, 0x0000000800000000)
  region size 4096K, 6 young (24576K), 1 survivors (4096K)
 Metaspace       used 146940K, committed 148032K, reserved 1179648K
  class space    used 19279K, committed 19776K, reserved 1048576K
}

