# JRE version: OpenJDK Runtime Environment Temurin-21.0.10+7 (21.0.10+7) (build 21.0.10+7-LTS)
# Java VM: OpenJDK 64-Bit Server VM Temurin-21.0.10+7 (21.0.10+7-LTS, mixed mode, sharing, tiered, compressed oops, compressed class ptrs, g1 gc, windows-amd64)
GC Precious Log:
 CardTable entry size: 512
 Card Set container configuration: InlinePtr #cards 4 size 8 Array Of Cards #cards 32 size 80 Howl #buckets 8 coarsen threshold 7372 Howl Bitmap #cards 1024 size 144 coarsen threshold 921 Card regions per heap region 1 cards per card region 8192
 CPUs: 4 total, 4 available
 Memory: 3498M
 Large Page Support: Disabled
 NUMA Support: Disabled
 Compressed Oops: Enabled (Zero based)
 Heap Region Size: 4M
 Heap Min Capacity: 8M
 Heap Initial Capacity: 56M
 Heap Max Capacity: 8G
 Pre-touch: Disabled
 Parallel Workers: 4
 Concurrent Workers: 1
 Concurrent Refinement Workers: 4
 Periodic GC: Disabled
Heap:
 garbage-first heap   total 405504K, used 227070K [0x0000000600000000, 0x0000000800000000)
  region size 4096K, 1 young (4096K), 1 survivors (4096K)
 Metaspace       used 162530K, committed 165376K, reserved 1245184K
  class space    used 21092K, committed 22528K, reserved 1048576K
GC Heap History (20 events):
Event: 106.425 GC heap after
{Heap after GC invocations=58 (full 0):
 garbage-first heap   total 253952K, used 151129K [0x0000000600000000, 0x0000000800000000)
  region size 4096K, 2 young (8192K), 2 survivors (8192K)
 Metaspace       used 139647K, committed 142272K, reserved 1179648K
  class space    used 18566K, committed 19904K, reserved 1048576K
}
Event: 111.947 GC heap before
{Heap before GC invocations=58 (full 0):
 garbage-first heap   total 253952K, used 245337K [0x0000000600000000, 0x0000000800000000)
  region size 4096K, 20 young (81920K), 2 survivors (8192K)
 Metaspace       used 139834K, committed 142592K, reserved 1179648K
  class space    used 18578K, committed 19968K, reserved 1048576K
}
Event: 112.086 GC heap after
{Heap after GC invocations=59 (full 0):
 garbage-first heap   total 278528K, used 166986K [0x0000000600000000, 0x0000000800000000)
  region size 4096K, 3 young (12288K), 3 survivors (12288K)
 Metaspace       used 139834K, committed 142592K, reserved 1179648K
  class space    used 18578K, committed 19968K, reserved 1048576K
}
Event: 115.655 GC heap before
{Heap before GC invocations=59 (full 0):
 garbage-first heap   total 278528K, used 244810K [0x0000000600000000, 0x0000000800000000)
  region size 4096K, 22 young (90112K), 3 survivors (12288K)
 Metaspace       used 141362K, committed 144128K, reserved 1179648K
  class space    used 18705K, committed 20096K, reserved 1048576K
}
Event: 115.847 GC heap after
{Heap after GC invocations=60 (full 0):
 garbage-first heap   total 364544K, used 177588K [0x0000000600000000, 0x0000000800000000)
  region size 4096K, 3 young (12288K), 3 survivors (12288K)
 Metaspace       used 141362K, committed 144128K, reserved 1179648K
  class space    used 18705K, committed 20096K, reserved 1048576K
}
Event: 140.599 GC heap before
{Heap before GC invocations=61 (full 0):
 garbage-first heap   total 364544K, used 300468K [0x0000000600000000, 0x0000000800000000)
  region size 4096K, 34 young (139264K), 3 survivors (12288K)
 Metaspace       used 142625K, committed 145408K, reserved 1179648K
  class space    used 18777K, committed 20160K, reserved 1048576K
}
Event: 140.770 GC heap after
{Heap after GC invocations=62 (full 0):
 garbage-first heap   total 364544K, used 203471K [0x0000000600000000, 0x0000000800000000)
  region size 4096K, 5 young (20480K), 5 survivors (20480K)
 Metaspace       used 142625K, committed 145408K, reserved 1179648K
  class space    used 18777K, committed 20160K, reserved 1048576K
}
Event: 152.259 GC heap before
{Heap before GC invocations=62 (full 0):
 garbage-first heap   total 364544K, used 305871K [0x0000000600000000, 0x0000000800000000)
  region size 4096K, 31 young (126976K), 5 survivors (20480K)
 Metaspace       used 142835K, committed 145536K, reserved 1179648K
  class space    used 18783K, committed 20160K, reserved 1048576K
}
Event: 152.413 GC heap after
{Heap after GC invocations=63 (full 0):
 garbage-first heap   total 364544K, used 222449K [0x0000000600000000, 0x0000000800000000)
  region size 4096K, 4 young (16384K), 4 survivors (16384K)
 Metaspace       used 142835K, committed 145536K, reserved 1179648K
  class space    used 18783K, committed 20160K, reserved 1048576K
}
Event: 155.078 GC heap before
{Heap before GC invocations=63 (full 0):
 garbage-first heap   total 364544K, used 304369K [0x0000000600000000, 0x0000000800000000)
  region size 4096K, 25 young (102400K), 4 survivors (16384K)
 Metaspace       used 145024K, committed 147840K, reserved 1179648K
  class space    used 19018K, committed 20416K, reserved 1048576K
}
Event: 155.134 GC heap after
{Heap after GC invocations=64 (full 0):
 garbage-first heap   total 364544K, used 240177K [0x0000000600000000, 0x0000000800000000)
  region size 4096K, 4 young (16384K), 4 survivors (16384K)
 Metaspace       used 145024K, committed 147840K, reserved 1179648K
  class space    used 19018K, committed 20416K, reserved 1048576K
}
Event: 158.771 GC heap before
{Heap before GC invocations=65 (full 0):
 garbage-first heap   total 405504K, used 313905K [0x0000000600000000, 0x0000000800000000)
  region size 4096K, 23 young (94208K), 4 survivors (16384K)
 Metaspace       used 151088K, committed 153856K, reserved 1245184K
  class space    used 19729K, committed 21120K, reserved 1048576K
}
Event: 158.800 GC heap after
{Heap after GC invocations=66 (full 0):
 garbage-first heap   total 405504K, used 247437K [0x0000000600000000, 0x0000000800000000)
  region size 4096K, 2 young (8192K), 2 survivors (8192K)
 Metaspace       used 151088K, committed 153856K, reserved 1245184K
  class space    used 19729K, committed 21120K, reserved 1048576K
}
Event: 162.902 GC heap before
{Heap before GC invocations=66 (full 0):
 garbage-first heap   total 405504K, used 358029K [0x0000000600000000, 0x0000000800000000)
  region size 4096K, 29 young (118784K), 2 survivors (8192K)
 Metaspace       used 158218K, committed 161088K, reserved 1245184K
  class space    used 20691K, committed 22144K, reserved 1048576K
}
Event: 162.942 GC heap after
{Heap after GC invocations=67 (full 0):
 garbage-first heap   total 405504K, used 226107K [0x0000000600000000, 0x0000000800000000)
  region size 4096K, 3 young (12288K), 3 survivors (12288K)
 Metaspace       used 158218K, committed 161088K, reserved 1245184K
  class space    used 20691K, committed 22144K, reserved 1048576K
}
Event: 168.016 GC heap before
{Heap before GC invocations=67 (full 0):
 garbage-first heap   total 405504K, used 361275K [0x0000000600000000, 0x0000000800000000)
  region size 4096K, 36 young (147456K), 3 survivors (12288K)
 Metaspace       used 161968K, committed 164800K, reserved 1245184K
  class space    used 21051K, committed 22464K, reserved 1048576K
}
Event: 183.597 GC heap after
{Heap after GC invocations=68 (full 0):
 garbage-first heap   total 405504K, used 225471K [0x0000000600000000, 0x0000000800000000)
  region size 4096K, 3 young (12288K), 3 survivors (12288K)
 Metaspace       used 161968K, committed 164800K, reserved 1245184K
  class space    used 21051K, committed 22464K, reserved 1048576K
}
Event: 184.739 GC heap before
{Heap before GC invocations=68 (full 0):
 garbage-first heap   total 405504K, used 229567K [0x0000000600000000, 0x0000000800000000)
  region size 4096K, 4 young (16384K), 3 survivors (12288K)
 Metaspace       used 162073K, committed 164928K, reserved 1245184K
  class space    used 21058K, committed 22464K, reserved 1048576K
}
Event: 191.109 GC heap after
{Heap after GC invocations=69 (full 0):
 garbage-first heap   total 405504K, used 225954K [0x0000000600000000, 0x0000000800000000)
  region size 4096K, 1 young (4096K), 1 survivors (4096K)
 Metaspace       used 162073K, committed 164928K, reserved 1245184K
  class space    used 21058K, committed 22464K, reserved 1048576K
}
Event: 191.698 GC heap before
{Heap before GC invocations=69 (full 0):
 garbage-first heap   total 405504K, used 287394K [0x0000000600000000, 0x0000000800000000)
  region size 4096K, 16 young (65536K), 1 survivors (4096K)
 Metaspace       used 162530K, committed 165376K, reserved 1245184K
  class space    used 21092K, committed 22528K, reserved 1048576K
}

