# JRE version: Java(TM) SE Runtime Environment (17.0.14+8) (build 17.0.14+8-LTS-191)
# Java VM: Java HotSpot(TM) 64-Bit Server VM (17.0.14+8-LTS-191, mixed mode, sharing, tiered, compressed oops, compressed class ptrs, g1 gc, windows-amd64)
GC Precious Log:
 CPUs: 4 total, 4 available
 Memory: 3498M
 Large Page Support: Disabled
 NUMA Support: Disabled
 Compressed Oops: Enabled (Zero based)
 Heap Region Size: 4M
 Heap Min Capacity: 8M
 Heap Initial Capacity: 56M
 Heap Max Capacity: 8G
 Pre-touch: Disabled
 Parallel Workers: 4
 Concurrent Workers: 1
 Concurrent Refinement Workers: 4
 Periodic GC: Disabled
Heap:
 garbage-first heap   total 409600K, used 217494K [0x0000000600000000, 0x0000000800000000)
  region size 4096K, 3 young (12288K), 3 survivors (12288K)
 Metaspace       used 147245K, committed 148288K, reserved 1179648K
  class space    used 19094K, committed 19584K, reserved 1048576K
GC Heap History (20 events):
Event: 53.876 GC heap after
{Heap after GC invocations=60 (full 0):
 garbage-first heap   total 299008K, used 162451K [0x0000000600000000, 0x0000000800000000)
  region size 4096K, 4 young (16384K), 4 survivors (16384K)
 Metaspace       used 93764K, committed 94528K, reserved 1179648K
  class space    used 13188K, committed 13568K, reserved 1048576K
}
Event: 59.133 GC heap before
{Heap before GC invocations=60 (full 0):
 garbage-first heap   total 299008K, used 232083K [0x0000000600000000, 0x0000000800000000)
  region size 4096K, 21 young (86016K), 4 survivors (16384K)
 Metaspace       used 101923K, committed 102656K, reserved 1179648K
  class space    used 14033K, committed 14400K, reserved 1048576K
}
Event: 59.155 GC heap after
{Heap after GC invocations=61 (full 0):
 garbage-first heap   total 299008K, used 165741K [0x0000000600000000, 0x0000000800000000)
  region size 4096K, 2 young (8192K), 2 survivors (8192K)
 Metaspace       used 101923K, committed 102656K, reserved 1179648K
  class space    used 14033K, committed 14400K, reserved 1048576K
}
Event: 61.506 GC heap before
{Heap before GC invocations=62 (full 0):
 garbage-first heap   total 335872K, used 231277K [0x0000000600000000, 0x0000000800000000)
  region size 4096K, 18 young (73728K), 2 survivors (8192K)
 Metaspace       used 106806K, committed 107584K, reserved 1179648K
  class space    used 14686K, committed 15040K, reserved 1048576K
}
Event: 61.525 GC heap after
{Heap after GC invocations=63 (full 0):
 garbage-first heap   total 335872K, used 168361K [0x0000000600000000, 0x0000000800000000)
  region size 4096K, 2 young (8192K), 2 survivors (8192K)
 Metaspace       used 106806K, committed 107584K, reserved 1179648K
  class space    used 14686K, committed 15040K, reserved 1048576K
}
Event: 62.135 GC heap before
{Heap before GC invocations=63 (full 0):
 garbage-first heap   total 335872K, used 176553K [0x0000000600000000, 0x0000000800000000)
  region size 4096K, 4 young (16384K), 2 survivors (8192K)
 Metaspace       used 107543K, committed 108288K, reserved 1179648K
  class space    used 14761K, committed 15104K, reserved 1048576K
}
Event: 62.161 GC heap after
{Heap after GC invocations=64 (full 0):
 garbage-first heap   total 335872K, used 168039K [0x0000000600000000, 0x0000000800000000)
  region size 4096K, 1 young (4096K), 1 survivors (4096K)
 Metaspace       used 107543K, committed 108288K, reserved 1179648K
  class space    used 14761K, committed 15104K, reserved 1048576K
}
Event: 65.388 GC heap before
{Heap before GC invocations=64 (full 0):
 garbage-first heap   total 335872K, used 262247K [0x0000000600000000, 0x0000000800000000)
  region size 4096K, 24 young (98304K), 1 survivors (4096K)
 Metaspace       used 116619K, committed 117440K, reserved 1179648K
  class space    used 15827K, committed 16192K, reserved 1048576K
}
Event: 65.403 GC heap after
{Heap after GC invocations=65 (full 0):
 garbage-first heap   total 405504K, used 173156K [0x0000000600000000, 0x0000000800000000)
  region size 4096K, 2 young (8192K), 2 survivors (8192K)
 Metaspace       used 116619K, committed 117440K, reserved 1179648K
  class space    used 15827K, committed 16192K, reserved 1048576K
}
Event: 80.452 GC heap before
{Heap before GC invocations=66 (full 0):
 garbage-first heap   total 405504K, used 320612K [0x0000000600000000, 0x0000000800000000)
  region size 4096K, 38 young (155648K), 2 survivors (8192K)
 Metaspace       used 127086K, committed 127872K, reserved 1179648K
  class space    used 16799K, committed 17152K, reserved 1048576K
}
Event: 80.680 GC heap after
{Heap after GC invocations=67 (full 0):
 garbage-first heap   total 405504K, used 188987K [0x0000000600000000, 0x0000000800000000)
  region size 4096K, 5 young (20480K), 5 survivors (20480K)
 Metaspace       used 127086K, committed 127872K, reserved 1179648K
  class space    used 16799K, committed 17152K, reserved 1048576K
}
Event: 80.729 GC heap before
{Heap before GC invocations=67 (full 0):
 garbage-first heap   total 405504K, used 193083K [0x0000000600000000, 0x0000000800000000)
  region size 4096K, 6 young (24576K), 5 survivors (20480K)
 Metaspace       used 127087K, committed 127872K, reserved 1179648K
  class space    used 16799K, committed 17152K, reserved 1048576K
}
Event: 80.952 GC heap after
{Heap after GC invocations=68 (full 0):
 garbage-first heap   total 405504K, used 190652K [0x0000000600000000, 0x0000000800000000)
  region size 4096K, 1 young (4096K), 1 survivors (4096K)
 Metaspace       used 127087K, committed 127872K, reserved 1179648K
  class space    used 16799K, committed 17152K, reserved 1048576K
}
Event: 87.943 GC heap before
{Heap before GC invocations=68 (full 0):
 garbage-first heap   total 405504K, used 321724K [0x0000000600000000, 0x0000000800000000)
  region size 4096K, 33 young (135168K), 1 survivors (4096K)
 Metaspace       used 135404K, committed 136384K, reserved 1179648K
  class space    used 17589K, committed 18048K, reserved 1048576K
}
Event: 88.109 GC heap after
{Heap after GC invocations=69 (full 0):
 garbage-first heap   total 405504K, used 201744K [0x0000000600000000, 0x0000000800000000)
  region size 4096K, 4 young (16384K), 4 survivors (16384K)
 Metaspace       used 135404K, committed 136384K, reserved 1179648K
  class space    used 17589K, committed 18048K, reserved 1048576K
}
Event: 114.957 GC heap before
{Heap before GC invocations=70 (full 0):
 garbage-first heap   total 409600K, used 316432K [0x0000000600000000, 0x0000000800000000)
  region size 4096K, 33 young (135168K), 4 survivors (16384K)
 Metaspace       used 143803K, committed 144768K, reserved 1179648K
  class space    used 18691K, committed 19136K, reserved 1048576K
}
Event: 115.238 GC heap after
{Heap after GC invocations=71 (full 0):
 garbage-first heap   total 409600K, used 210341K [0x0000000600000000, 0x0000000800000000)
  region size 4096K, 3 young (12288K), 3 survivors (12288K)
 Metaspace       used 143803K, committed 144768K, reserved 1179648K
  class space    used 18691K, committed 19136K, reserved 1048576K
}
Event: 115.464 GC heap before
{Heap before GC invocations=71 (full 0):
 garbage-first heap   total 409600K, used 218533K [0x0000000600000000, 0x0000000800000000)
  region size 4096K, 5 young (20480K), 3 survivors (12288K)
 Metaspace       used 144507K, committed 145536K, reserved 1179648K
  class space    used 18773K, committed 19264K, reserved 1048576K
}
Event: 115.530 GC heap after
{Heap after GC invocations=72 (full 0):
 garbage-first heap   total 409600K, used 206982K [0x0000000600000000, 0x0000000800000000)
  region size 4096K, 1 young (4096K), 1 survivors (4096K)
 Metaspace       used 144507K, committed 145536K, reserved 1179648K
  class space    used 18773K, committed 19264K, reserved 1048576K
}
Event: 122.405 GC heap before
{Heap before GC invocations=72 (full 0):
 garbage-first heap   total 409600K, used 325766K [0x0000000600000000, 0x0000000800000000)
  region size 4096K, 30 young (122880K), 1 survivors (4096K)
 Metaspace       used 147245K, committed 148288K, reserved 1179648K
  class space    used 19094K, committed 19584K, reserved 1048576K
}

